This is e-upTeX, Version 3.14159265-p3.7.1-u1.22-161114-2.6 (utf8.uptex) (TeX Live 2017/Debian) (preloaded format=uplatex 2018.8.2)  3 SEP 2018 02:00
entering extended mode
 \write18 enabled.
 %&-line parsing enabled.
**main.tex
(./main.tex
pLaTeX2e <2017/10/28u01>+4 (based on LaTeX2e <2017-04-15>)
Babel <3.18> and hyphenation patterns for 84 language(s) loaded.
(./IEEEtran.cls
Document Class: IEEEtran 2015/08/26 V1.8b by Michael Shell
-- See the "IEEEtran_HOWTO" manual for usage information.
-- http://www.michaelshell.org/tex/ieeetran/
\@IEEEtrantmpdimenA=\dimen118
\@IEEEtrantmpdimenB=\dimen119
\@IEEEtrantmpdimenC=\dimen120
\@IEEEtrantmpcountA=\count82
\@IEEEtrantmpcountB=\count83
\@IEEEtrantmpcountC=\count84
\@IEEEtrantmptoksA=\toks15
LaTeX Font Info:    Font shape `JT2/mc/m/n' will be
(Font)              scaled to size 9.6222pt on input line 503.
LaTeX Font Info:    Font shape `JY2/mc/m/n' will be
(Font)              scaled to size 9.6222pt on input line 503.
LaTeX Font Info:    Try loading font information for OT1+ptm on input line 503.

(/usr/share/texlive/texmf-dist/tex/latex/psnfss/ot1ptm.fd
File: ot1ptm.fd 2001/06/04 font definitions for OT1/ptm.
)
-- Using 8.5in x 11in (letter) paper.
-- Using DVI output.
\@IEEEnormalsizeunitybaselineskip=\dimen121
-- This is a 10 point document.
LaTeX Font Info:    Font shape `JT2/mc/m/n' will be
(Font)              scaled to size 8.65997pt on input line 963.
LaTeX Font Info:    Font shape `JY2/mc/m/n' will be
(Font)              scaled to size 8.65997pt on input line 963.
\CLASSINFOnormalsizebaselineskip=\dimen122
\CLASSINFOnormalsizeunitybaselineskip=\dimen123
\IEEEnormaljot=\dimen124
(I search kanjifont definition file: . . )
LaTeX Font Info:    Font shape `JT2/mc/m/n' will be
(Font)              scaled to size 4.8111pt on input line 1090.
LaTeX Font Info:    Font shape `JY2/mc/m/n' will be
(Font)              scaled to size 4.8111pt on input line 1090.
LaTeX Font Info:    Font shape `JT2/mc/bx/n' in size <5> not available
(Font)              Font shape `JT2/gt/m/n' tried instead on input line 1090.
LaTeX Font Info:    Font shape `JT2/gt/m/n' will be
(Font)              scaled to size 4.8111pt on input line 1090.
LaTeX Font Info:    Font shape `JY2/mc/bx/n' in size <5> not available
(Font)              Font shape `JY2/gt/m/n' tried instead on input line 1090.
LaTeX Font Info:    Font shape `JY2/gt/m/n' will be
(Font)              scaled to size 4.8111pt on input line 1090.
LaTeX Font Info:    Font shape `OT1/ptm/bx/n' in size <5> not available
(Font)              Font shape `OT1/ptm/b/n' tried instead on input line 1090.


LaTeX Font Warning: Font shape `JT2/mc/m/it' undefined
(Font)              using `JT2/mc/m/n' instead on input line 1090.


LaTeX Font Warning: Font shape `JY2/mc/m/it' undefined
(Font)              using `JY2/mc/m/n' instead on input line 1090.

LaTeX Font Info:    Font shape `JT2/mc/m/it' will be
(Font)              scaled to size 4.8111pt on input line 1090.
LaTeX Font Info:    Font shape `JY2/mc/m/it' will be
(Font)              scaled to size 4.8111pt on input line 1090.

LaTeX Font Warning: Font shape `JT2/mc/bx/it' undefined
(Font)              using `JT2/mc/bx/n' instead on input line 1090.


LaTeX Font Warning: Font shape `JY2/mc/bx/it' undefined
(Font)              using `JY2/mc/bx/n' instead on input line 1090.

LaTeX Font Info:    Font shape `OT1/ptm/bx/it' in size <5> not available
(Font)              Font shape `OT1/ptm/b/it' tried instead on input line 1090.

LaTeX Font Info:    Font shape `JT2/mc/m/n' will be
(Font)              scaled to size 6.73553pt on input line 1090.
LaTeX Font Info:    Font shape `JY2/mc/m/n' will be
(Font)              scaled to size 6.73553pt on input line 1090.
LaTeX Font Info:    Font shape `JT2/mc/bx/n' in size <7> not available
(Font)              Font shape `JT2/gt/m/n' tried instead on input line 1090.
LaTeX Font Info:    Font shape `JT2/gt/m/n' will be
(Font)              scaled to size 6.73553pt on input line 1090.
LaTeX Font Info:    Font shape `JY2/mc/bx/n' in size <7> not available
(Font)              Font shape `JY2/gt/m/n' tried instead on input line 1090.
LaTeX Font Info:    Font shape `JY2/gt/m/n' will be
(Font)              scaled to size 6.73553pt on input line 1090.
LaTeX Font Info:    Font shape `OT1/ptm/bx/n' in size <7> not available
(Font)              Font shape `OT1/ptm/b/n' tried instead on input line 1090.
LaTeX Font Info:    Font shape `JT2/mc/m/it' will be
(Font)              scaled to size 6.73553pt on input line 1090.
LaTeX Font Info:    Font shape `JY2/mc/m/it' will be
(Font)              scaled to size 6.73553pt on input line 1090.
LaTeX Font Info:    Font shape `JT2/mc/bx/it' in size <7> not available
(Font)              Font shape `JT2/gt/m/n' tried instead on input line 1090.
LaTeX Font Info:    Font shape `JT2/gt/m/n' will be
(Font)              scaled to size 6.73553pt on input line 1090.
LaTeX Font Info:    Font shape `JY2/mc/bx/it' in size <7> not available
(Font)              Font shape `JY2/gt/m/n' tried instead on input line 1090.
LaTeX Font Info:    Font shape `JY2/gt/m/n' will be
(Font)              scaled to size 6.73553pt on input line 1090.
LaTeX Font Info:    Font shape `OT1/ptm/bx/it' in size <7> not available
(Font)              Font shape `OT1/ptm/b/it' tried instead on input line 1090.

LaTeX Font Info:    Font shape `JT2/mc/m/n' will be
(Font)              scaled to size 7.69775pt on input line 1090.
LaTeX Font Info:    Font shape `JY2/mc/m/n' will be
(Font)              scaled to size 7.69775pt on input line 1090.
LaTeX Font Info:    Font shape `JT2/mc/bx/n' in size <8> not available
(Font)              Font shape `JT2/gt/m/n' tried instead on input line 1090.
LaTeX Font Info:    Font shape `JT2/gt/m/n' will be
(Font)              scaled to size 7.69775pt on input line 1090.
LaTeX Font Info:    Font shape `JY2/mc/bx/n' in size <8> not available
(Font)              Font shape `JY2/gt/m/n' tried instead on input line 1090.
LaTeX Font Info:    Font shape `JY2/gt/m/n' will be
(Font)              scaled to size 7.69775pt on input line 1090.
LaTeX Font Info:    Font shape `OT1/ptm/bx/n' in size <8> not available
(Font)              Font shape `OT1/ptm/b/n' tried instead on input line 1090.
LaTeX Font Info:    Font shape `JT2/mc/m/it' will be
(Font)              scaled to size 7.69775pt on input line 1090.
LaTeX Font Info:    Font shape `JY2/mc/m/it' will be
(Font)              scaled to size 7.69775pt on input line 1090.
LaTeX Font Info:    Font shape `JT2/mc/bx/it' in size <8> not available
(Font)              Font shape `JT2/gt/m/n' tried instead on input line 1090.
LaTeX Font Info:    Font shape `JT2/gt/m/n' will be
(Font)              scaled to size 7.69775pt on input line 1090.
LaTeX Font Info:    Font shape `JY2/mc/bx/it' in size <8> not available
(Font)              Font shape `JY2/gt/m/n' tried instead on input line 1090.
LaTeX Font Info:    Font shape `JY2/gt/m/n' will be
(Font)              scaled to size 7.69775pt on input line 1090.
LaTeX Font Info:    Font shape `OT1/ptm/bx/it' in size <8> not available
(Font)              Font shape `OT1/ptm/b/it' tried instead on input line 1090.

LaTeX Font Info:    Font shape `JT2/mc/bx/n' in size <9> not available
(Font)              Font shape `JT2/gt/m/n' tried instead on input line 1090.
LaTeX Font Info:    Font shape `JT2/gt/m/n' will be
(Font)              scaled to size 8.65997pt on input line 1090.
LaTeX Font Info:    Font shape `JY2/mc/bx/n' in size <9> not available
(Font)              Font shape `JY2/gt/m/n' tried instead on input line 1090.
LaTeX Font Info:    Font shape `JY2/gt/m/n' will be
(Font)              scaled to size 8.65997pt on input line 1090.
LaTeX Font Info:    Font shape `OT1/ptm/bx/n' in size <9> not available
(Font)              Font shape `OT1/ptm/b/n' tried instead on input line 1090.
LaTeX Font Info:    Font shape `JT2/mc/m/it' will be
(Font)              scaled to size 8.65997pt on input line 1090.
LaTeX Font Info:    Font shape `JY2/mc/m/it' will be
(Font)              scaled to size 8.65997pt on input line 1090.
LaTeX Font Info:    Font shape `JT2/mc/bx/it' in size <9> not available
(Font)              Font shape `JT2/gt/m/n' tried instead on input line 1090.
LaTeX Font Info:    Font shape `JT2/gt/m/n' will be
(Font)              scaled to size 8.65997pt on input line 1090.
LaTeX Font Info:    Font shape `JY2/mc/bx/it' in size <9> not available
(Font)              Font shape `JY2/gt/m/n' tried instead on input line 1090.
LaTeX Font Info:    Font shape `JY2/gt/m/n' will be
(Font)              scaled to size 8.65997pt on input line 1090.
LaTeX Font Info:    Font shape `OT1/ptm/bx/it' in size <9> not available
(Font)              Font shape `OT1/ptm/b/it' tried instead on input line 1090.

LaTeX Font Info:    Font shape `JT2/mc/bx/n' in size <10> not available
(Font)              Font shape `JT2/gt/m/n' tried instead on input line 1090.
LaTeX Font Info:    Font shape `JT2/gt/m/n' will be
(Font)              scaled to size 9.6222pt on input line 1090.
LaTeX Font Info:    Font shape `JY2/mc/bx/n' in size <10> not available
(Font)              Font shape `JY2/gt/m/n' tried instead on input line 1090.
LaTeX Font Info:    Font shape `JY2/gt/m/n' will be
(Font)              scaled to size 9.6222pt on input line 1090.
LaTeX Font Info:    Font shape `OT1/ptm/bx/n' in size <10> not available
(Font)              Font shape `OT1/ptm/b/n' tried instead on input line 1090.
LaTeX Font Info:    Font shape `JT2/mc/m/it' will be
(Font)              scaled to size 9.6222pt on input line 1090.
LaTeX Font Info:    Font shape `JY2/mc/m/it' will be
(Font)              scaled to size 9.6222pt on input line 1090.
LaTeX Font Info:    Font shape `JT2/mc/bx/it' in size <10> not available
(Font)              Font shape `JT2/gt/m/n' tried instead on input line 1090.
LaTeX Font Info:    Font shape `JT2/gt/m/n' will be
(Font)              scaled to size 9.6222pt on input line 1090.
LaTeX Font Info:    Font shape `JY2/mc/bx/it' in size <10> not available
(Font)              Font shape `JY2/gt/m/n' tried instead on input line 1090.
LaTeX Font Info:    Font shape `JY2/gt/m/n' will be
(Font)              scaled to size 9.6222pt on input line 1090.
LaTeX Font Info:    Font shape `OT1/ptm/bx/it' in size <10> not available
(Font)              Font shape `OT1/ptm/b/it' tried instead on input line 1090.

LaTeX Font Info:    Font shape `JT2/mc/m/n' will be
(Font)              scaled to size 10.58441pt on input line 1090.
LaTeX Font Info:    Font shape `JY2/mc/m/n' will be
(Font)              scaled to size 10.58441pt on input line 1090.
LaTeX Font Info:    Font shape `JT2/mc/bx/n' in size <11> not available
(Font)              Font shape `JT2/gt/m/n' tried instead on input line 1090.
LaTeX Font Info:    Font shape `JT2/gt/m/n' will be
(Font)              scaled to size 10.58441pt on input line 1090.
LaTeX Font Info:    Font shape `JY2/mc/bx/n' in size <11> not available
(Font)              Font shape `JY2/gt/m/n' tried instead on input line 1090.
LaTeX Font Info:    Font shape `JY2/gt/m/n' will be
(Font)              scaled to size 10.58441pt on input line 1090.
LaTeX Font Info:    Font shape `OT1/ptm/bx/n' in size <11> not available
(Font)              Font shape `OT1/ptm/b/n' tried instead on input line 1090.
LaTeX Font Info:    Font shape `JT2/mc/m/it' will be
(Font)              scaled to size 10.58441pt on input line 1090.
LaTeX Font Info:    Font shape `JY2/mc/m/it' will be
(Font)              scaled to size 10.58441pt on input line 1090.
LaTeX Font Info:    Font shape `JT2/mc/bx/it' in size <11> not available
(Font)              Font shape `JT2/gt/m/n' tried instead on input line 1090.
LaTeX Font Info:    Font shape `JT2/gt/m/n' will be
(Font)              scaled to size 10.58441pt on input line 1090.
LaTeX Font Info:    Font shape `JY2/mc/bx/it' in size <11> not available
(Font)              Font shape `JY2/gt/m/n' tried instead on input line 1090.
LaTeX Font Info:    Font shape `JY2/gt/m/n' will be
(Font)              scaled to size 10.58441pt on input line 1090.
LaTeX Font Info:    Font shape `OT1/ptm/bx/it' in size <11> not available
(Font)              Font shape `OT1/ptm/b/it' tried instead on input line 1090.

LaTeX Font Info:    Font shape `JT2/mc/m/n' will be
(Font)              scaled to size 11.54663pt on input line 1090.
LaTeX Font Info:    Font shape `JY2/mc/m/n' will be
(Font)              scaled to size 11.54663pt on input line 1090.
LaTeX Font Info:    Font shape `JT2/mc/bx/n' in size <12> not available
(Font)              Font shape `JT2/gt/m/n' tried instead on input line 1090.
LaTeX Font Info:    Font shape `JT2/gt/m/n' will be
(Font)              scaled to size 11.54663pt on input line 1090.
LaTeX Font Info:    Font shape `JY2/mc/bx/n' in size <12> not available
(Font)              Font shape `JY2/gt/m/n' tried instead on input line 1090.
LaTeX Font Info:    Font shape `JY2/gt/m/n' will be
(Font)              scaled to size 11.54663pt on input line 1090.
LaTeX Font Info:    Font shape `OT1/ptm/bx/n' in size <12> not available
(Font)              Font shape `OT1/ptm/b/n' tried instead on input line 1090.
LaTeX Font Info:    Font shape `JT2/mc/m/it' will be
(Font)              scaled to size 11.54663pt on input line 1090.
LaTeX Font Info:    Font shape `JY2/mc/m/it' will be
(Font)              scaled to size 11.54663pt on input line 1090.
LaTeX Font Info:    Font shape `JT2/mc/bx/it' in size <12> not available
(Font)              Font shape `JT2/gt/m/n' tried instead on input line 1090.
LaTeX Font Info:    Font shape `JT2/gt/m/n' will be
(Font)              scaled to size 11.54663pt on input line 1090.
LaTeX Font Info:    Font shape `JY2/mc/bx/it' in size <12> not available
(Font)              Font shape `JY2/gt/m/n' tried instead on input line 1090.
LaTeX Font Info:    Font shape `JY2/gt/m/n' will be
(Font)              scaled to size 11.54663pt on input line 1090.
LaTeX Font Info:    Font shape `OT1/ptm/bx/it' in size <12> not available
(Font)              Font shape `OT1/ptm/b/it' tried instead on input line 1090.

LaTeX Font Info:    Font shape `JT2/mc/m/n' will be
(Font)              scaled to size 16.35773pt on input line 1090.
LaTeX Font Info:    Font shape `JY2/mc/m/n' will be
(Font)              scaled to size 16.35773pt on input line 1090.
LaTeX Font Info:    Font shape `JT2/mc/bx/n' in size <17> not available
(Font)              Font shape `JT2/gt/m/n' tried instead on input line 1090.
LaTeX Font Info:    Font shape `JT2/gt/m/n' will be
(Font)              scaled to size 16.35773pt on input line 1090.
LaTeX Font Info:    Font shape `JY2/mc/bx/n' in size <17> not available
(Font)              Font shape `JY2/gt/m/n' tried instead on input line 1090.
LaTeX Font Info:    Font shape `JY2/gt/m/n' will be
(Font)              scaled to size 16.35773pt on input line 1090.
LaTeX Font Info:    Font shape `OT1/ptm/bx/n' in size <17> not available
(Font)              Font shape `OT1/ptm/b/n' tried instead on input line 1090.
LaTeX Font Info:    Font shape `JT2/mc/m/it' will be
(Font)              scaled to size 16.35773pt on input line 1090.
LaTeX Font Info:    Font shape `JY2/mc/m/it' will be
(Font)              scaled to size 16.35773pt on input line 1090.
LaTeX Font Info:    Font shape `JT2/mc/bx/it' in size <17> not available
(Font)              Font shape `JT2/gt/m/n' tried instead on input line 1090.
LaTeX Font Info:    Font shape `JT2/gt/m/n' will be
(Font)              scaled to size 16.35773pt on input line 1090.
LaTeX Font Info:    Font shape `JY2/mc/bx/it' in size <17> not available
(Font)              Font shape `JY2/gt/m/n' tried instead on input line 1090.
LaTeX Font Info:    Font shape `JY2/gt/m/n' will be
(Font)              scaled to size 16.35773pt on input line 1090.
LaTeX Font Info:    Font shape `OT1/ptm/bx/it' in size <17> not available
(Font)              Font shape `OT1/ptm/b/it' tried instead on input line 1090.

LaTeX Font Info:    Font shape `JT2/mc/m/n' will be
(Font)              scaled to size 19.24438pt on input line 1090.
LaTeX Font Info:    Font shape `JY2/mc/m/n' will be
(Font)              scaled to size 19.24438pt on input line 1090.
LaTeX Font Info:    Font shape `JT2/mc/bx/n' in size <20> not available
(Font)              Font shape `JT2/gt/m/n' tried instead on input line 1090.
LaTeX Font Info:    Font shape `JT2/gt/m/n' will be
(Font)              scaled to size 19.24438pt on input line 1090.
LaTeX Font Info:    Font shape `JY2/mc/bx/n' in size <20> not available
(Font)              Font shape `JY2/gt/m/n' tried instead on input line 1090.
LaTeX Font Info:    Font shape `JY2/gt/m/n' will be
(Font)              scaled to size 19.24438pt on input line 1090.
LaTeX Font Info:    Font shape `OT1/ptm/bx/n' in size <20> not available
(Font)              Font shape `OT1/ptm/b/n' tried instead on input line 1090.
LaTeX Font Info:    Font shape `JT2/mc/m/it' will be
(Font)              scaled to size 19.24438pt on input line 1090.
LaTeX Font Info:    Font shape `JY2/mc/m/it' will be
(Font)              scaled to size 19.24438pt on input line 1090.
LaTeX Font Info:    Font shape `JT2/mc/bx/it' in size <20> not available
(Font)              Font shape `JT2/gt/m/n' tried instead on input line 1090.
LaTeX Font Info:    Font shape `JT2/gt/m/n' will be
(Font)              scaled to size 19.24438pt on input line 1090.
LaTeX Font Info:    Font shape `JY2/mc/bx/it' in size <20> not available
(Font)              Font shape `JY2/gt/m/n' tried instead on input line 1090.
LaTeX Font Info:    Font shape `JY2/gt/m/n' will be
(Font)              scaled to size 19.24438pt on input line 1090.
LaTeX Font Info:    Font shape `OT1/ptm/bx/it' in size <20> not available
(Font)              Font shape `OT1/ptm/b/it' tried instead on input line 1090.

LaTeX Font Info:    Font shape `JT2/mc/m/n' will be
(Font)              scaled to size 23.09326pt on input line 1090.
LaTeX Font Info:    Font shape `JY2/mc/m/n' will be
(Font)              scaled to size 23.09326pt on input line 1090.
LaTeX Font Info:    Font shape `JT2/mc/bx/n' in size <24> not available
(Font)              Font shape `JT2/gt/m/n' tried instead on input line 1090.
LaTeX Font Info:    Font shape `JT2/gt/m/n' will be
(Font)              scaled to size 23.09326pt on input line 1090.
LaTeX Font Info:    Font shape `JY2/mc/bx/n' in size <24> not available
(Font)              Font shape `JY2/gt/m/n' tried instead on input line 1090.
LaTeX Font Info:    Font shape `JY2/gt/m/n' will be
(Font)              scaled to size 23.09326pt on input line 1090.
LaTeX Font Info:    Font shape `OT1/ptm/bx/n' in size <24> not available
(Font)              Font shape `OT1/ptm/b/n' tried instead on input line 1090.
LaTeX Font Info:    Font shape `JT2/mc/m/it' will be
(Font)              scaled to size 23.09326pt on input line 1090.
LaTeX Font Info:    Font shape `JY2/mc/m/it' will be
(Font)              scaled to size 23.09326pt on input line 1090.
LaTeX Font Info:    Font shape `JT2/mc/bx/it' in size <24> not available
(Font)              Font shape `JT2/gt/m/n' tried instead on input line 1090.
LaTeX Font Info:    Font shape `JT2/gt/m/n' will be
(Font)              scaled to size 23.09326pt on input line 1090.
LaTeX Font Info:    Font shape `JY2/mc/bx/it' in size <24> not available
(Font)              Font shape `JY2/gt/m/n' tried instead on input line 1090.
LaTeX Font Info:    Font shape `JY2/gt/m/n' will be
(Font)              scaled to size 23.09326pt on input line 1090.
LaTeX Font Info:    Font shape `OT1/ptm/bx/it' in size <24> not available
(Font)              Font shape `OT1/ptm/b/it' tried instead on input line 1090.

\IEEEquantizedlength=\dimen125
\IEEEquantizedlengthdiff=\dimen126
\IEEEquantizedtextheightdiff=\dimen127
\IEEEilabelindentA=\dimen128
\IEEEilabelindentB=\dimen129
\IEEEilabelindent=\dimen130
\IEEEelabelindent=\dimen131
\IEEEdlabelindent=\dimen132
\IEEElabelindent=\dimen133
\IEEEiednormlabelsep=\dimen134
\IEEEiedmathlabelsep=\dimen135
\IEEEiedtopsep=\skip41
\c@section=\count85
\c@subsection=\count86
\c@subsubsection=\count87
\c@paragraph=\count88
\c@IEEEsubequation=\count89
\abovecaptionskip=\skip42
\belowcaptionskip=\skip43
\c@figure=\count90
\c@table=\count91
\@IEEEeqnnumcols=\count92
\@IEEEeqncolcnt=\count93
\@IEEEsubeqnnumrollback=\count94
\@IEEEquantizeheightA=\dimen136
\@IEEEquantizeheightB=\dimen137
\@IEEEquantizeheightC=\dimen138
\@IEEEquantizeprevdepth=\dimen139
\@IEEEquantizemultiple=\count95
\@IEEEquantizeboxA=\box42
\@IEEEtmpitemindent=\dimen140
\IEEEPARstartletwidth=\dimen141
\c@IEEEbiography=\count96
\@IEEEtranrubishbin=\box43
)
** ATTENTION: Overriding command lockouts (line 2).
(/usr/share/texlive/texmf-dist/tex/latex/cite/cite.sty
LaTeX Info: Redefining \cite on input line 302.
LaTeX Info: Redefining \nocite on input line 332.
Package: cite 2015/02/27  v 5.5
)
(/usr/share/texlive/texmf-dist/tex/latex/amsmath/amsmath.sty
Package: amsmath 2017/09/02 v2.17a AMS math features
\@mathmargin=\skip44

For additional information on amsmath, use the `?' option.
(/usr/share/texlive/texmf-dist/tex/latex/amsmath/amstext.sty
Package: amstext 2000/06/29 v2.01 AMS text

(/usr/share/texlive/texmf-dist/tex/latex/amsmath/amsgen.sty
File: amsgen.sty 1999/11/30 v2.0 generic functions
\@emptytoks=\toks16
\ex@=\dimen142
))
(/usr/share/texlive/texmf-dist/tex/latex/amsmath/amsbsy.sty
Package: amsbsy 1999/11/29 v1.2d Bold Symbols
\pmbraise@=\dimen143
)
(/usr/share/texlive/texmf-dist/tex/latex/amsmath/amsopn.sty
Package: amsopn 2016/03/08 v2.02 operator names
)
\inf@bad=\count97
LaTeX Info: Redefining \frac on input line 213.
\uproot@=\count98
\leftroot@=\count99
LaTeX Info: Redefining \overline on input line 375.
\classnum@=\count100
\DOTSCASE@=\count101
LaTeX Info: Redefining \ldots on input line 472.
LaTeX Info: Redefining \dots on input line 475.
LaTeX Info: Redefining \cdots on input line 596.
\Mathstrutbox@=\box44
\strutbox@=\box45
\big@size=\dimen144
LaTeX Font Info:    Redeclaring font encoding OML on input line 712.
LaTeX Font Info:    Redeclaring font encoding OMS on input line 713.
\macc@depth=\count102
\c@MaxMatrixCols=\count103
\dotsspace@=\muskip10
\c@parentequation=\count104
\dspbrk@lvl=\count105
\tag@help=\toks17
\row@=\count106
\column@=\count107
\maxfields@=\count108
\andhelp@=\toks18
\eqnshift@=\dimen145
\alignsep@=\dimen146
\tagshift@=\dimen147
\tagwidth@=\dimen148
\totwidth@=\dimen149
\lineht@=\dimen150
\@envbody=\toks19
\multlinegap=\skip45
\multlinetaggap=\skip46
\mathdisplay@stack=\toks20
LaTeX Info: Redefining \[ on input line 2817.
LaTeX Info: Redefining \] on input line 2818.
)
(/usr/share/texlive/texmf-dist/tex/latex/amsfonts/amssymb.sty
Package: amssymb 2013/01/14 v3.01 AMS font symbols

(/usr/share/texlive/texmf-dist/tex/latex/amsfonts/amsfonts.sty
Package: amsfonts 2013/01/14 v3.01 Basic AMSFonts support
\symAMSa=\mathgroup4
\symAMSb=\mathgroup5
LaTeX Font Info:    Overwriting math alphabet `\mathfrak' in version `bold'
(Font)                  U/euf/m/n --> U/euf/b/n on input line 106.
))
(/usr/share/texlive/texmf-dist/tex/latex/algorithms/algorithmic.sty
Package: algorithmic 2009/08/24 v0.1 Document Style `algorithmic'

(/usr/share/texlive/texmf-dist/tex/latex/base/ifthen.sty
Package: ifthen 2014/09/29 v1.1c Standard LaTeX ifthen package (DPC)
)
(/usr/share/texlive/texmf-dist/tex/latex/graphics/keyval.sty
Package: keyval 2014/10/28 v1.15 key=value parser (DPC)
\KV@toks@=\toks21
)
\c@ALC@unique=\count109
\c@ALC@line=\count110
\c@ALC@rem=\count111
\c@ALC@depth=\count112
\ALC@tlm=\skip47
\algorithmicindent=\skip48
)
(/usr/share/texlive/texmf-dist/tex/latex/tools/enumerate.sty
Package: enumerate 2015/07/23 v3.00 enumerate extensions (DPC)
\@enLab=\toks22
)
(/usr/share/texlive/texmf-dist/tex/latex/graphics/graphicx.sty
Package: graphicx 2017/06/01 v1.1a Enhanced LaTeX Graphics (DPC,SPQR)

(/usr/share/texlive/texmf-dist/tex/latex/graphics/graphics.sty
Package: graphics 2017/06/25 v1.2c Standard LaTeX Graphics (DPC,SPQR)

(/usr/share/texlive/texmf-dist/tex/latex/graphics/trig.sty
Package: trig 2016/01/03 v1.10 sin cos tan (DPC)
)
(/usr/share/texlive/texmf-dist/tex/latex/graphics-cfg/graphics.cfg
File: graphics.cfg 2016/06/04 v1.11 sample graphics configuration
)
Package graphics Info: Driver file: dvips.def on input line 99.

(/usr/share/texlive/texmf-dist/tex/latex/graphics-def/dvips.def
File: dvips.def 2017/06/20 v3.1d Graphics/color driver for dvips
))
\Gin@req@height=\dimen151
\Gin@req@width=\dimen152
)
(/usr/share/texlive/texmf-dist/tex/latex/base/textcomp.sty
Package: textcomp 2017/04/05 v2.undefined on input line 140.


LaTeX Warning: Citation `b6' on page 2 undefined on input line 140.


LaTeX Warning: Citation `b7' on page 2 undefined on input line 140.


LaTeX Warning: Reference `tab1' on page 2 undefined on input line 140.


LaTeX Warning: Reference `mpp' on page 2 undefined on input line 145.


LaTeX Warning: Reference `qmn' on page 2 undefined on input line 145.

[2 <./paper-fig1.png> <./2panel.png> <./ser.png> <./par.png>]

LaTeX Warning: Reference `flowchart' on page 3 undefined on input line 161.

<flowchart.png, id=25, 723.70375pt x 608.2725pt>
File: flowchart.png Graphic file (type png)
<use flowchart.png>
Package pdftex.def Info: flowchart.png  used on input line 163.
(pdftex.def)             Requested size: 227.62204pt x 191.31912pt.

LaTeX Warning: Citation `b10' on page 3 undefined on input line 164.


LaTeX Warning: Citation `b10' on page 3 undefined on input line 164.


LaTeX Warning: Citation `b10' on page 3 undefined on input line 172.


LaTeX Warning: Reference `feas' on page 3 undefined on input line 173.

LaTeX Font Info:    Try loading font information for OMS+ptm on input line 181.

(/usr/share/texlive/texmf-dist/tex/latex/psnfss/omsptm.fd
File: omsptm.fd 
)
LaTeX Font Info:    Font shape `OMS/ptm/m/n' in size <10> not available
(Font)              Font shape `OMS/cmsy/m/n' tried instead on input line 181.


LaTeX Warning: Reference `mpp3-1' on page 3 undefined on input line 204.


LaTeX Warning: Reference `tab1' on page 3 undefined on input line 204.

[3 <./flowchart.png>]

LaTeX Warning: Reference `sorted' on page 4 undefined on input line 272.


LaTeX Warning: Reference `tab1' on page 4 undefined on input line 272.


LaTeX Warning: Reference `replace' on page 4 undefined on input line 279.


LaTeX Warning: Reference `feasPro' on page 4 undefined on input line 280.


LaTeX Warning: Reference `feas' on page 4 undefined on input line 280.


LaTeX Warning: Reference `selection strategy' on page 4 undefined on input line
 286.


LaTeX Warning: Reference `array' on page 4 undefined on input line 286.


LaTeX Warning: Reference `tab1' on page 4 undefined on input line 293.


LaTeX Warning: Reference `reconfiguration' on page 4 undefined on input line 29
3.

<MPP3.png, id=36, 234.8775pt x 328.22626pt>
File: MPP3.png Graphic file (type png)
<use MPP3.png>
Package pdftex.def Info: MPP3.png  used on input line 296.
(pdftex.def)             Requested size: 113.81102pt x 159.0443pt.
<MPP4.png, id=37, 234.8775pt x 328.22626pt>
File: MPP4.png Graphic file (type png)
<use MPP4.png>
Package pdftex.def Info: MPP4.png  used on input line 298.
(pdftex.def)             Requested size: 113.81102pt x 159.0443pt.

LaTeX Warning: Reference `fig5a' on page 4 undefined on input line 356.


LaTeX Warning: Reference `fig5b' on page 4 undefined on input line 356.


LaTeX Warning: Reference `fig5c' on page 4 undefined on input line 356.

<paper-fig5(a).png, id=38, 300.12125pt x 412.54124pt>
File: paper-fig5(a).png Graphic file (type png)
<use paper-fig5(a).png>
Package pdftex.def Info: paper-fig5(a).png  used on input line 373.
(pdftex.def)             Requested size: 142.26378pt x 195.55626pt.
File: MPP3.png Graphic file (type png)
<use MPP3.png>
Package pdftex.def Info: MPP3.png  used on input line 376.
(pdftex.def)             Requested size: 113.81102pt x 159.0443pt.
File: MPP4.png Graphic file (type png)
<use MPP4.png>
Package pdftex.def Info: MPP4.png  used on input line 379.
(pdftex.def)             Requested size: 113.81102pt x 159.0443pt.

LaTeX Warning: Reference `fig6' on page 4 undefined on input line 396.

<zhao.pdf, id=39, 644.40659pt x 483.8078pt>
File: zhao.pdf Graphic file (type pdf)
<use zhao.pdf>
Package pdftex.def Info: zhao.pdf  used on input line 399.
(pdftex.def)             Requested size: 227.62204pt x 170.89293pt.

LaTeX Warning: Reference `tab2' on page 4 undefined on input line 408.


LaTeX Warning: Reference `tab2' on page 4 undefined on input line 408.


LaTeX Warning: Citation `b10' on page 4 undefined on input line 408.


LaTeX Warning: Citation `b10' on page 4 undefined on input line 428.


LaTeX Warning: Citation `b12' on page 4 undefined on input line 428.


LaTeX Warning: Citation `b10' on page 4 undefined on input line 430.


LaTeX Warning: Citation `b11' on page 4 undefined on input line 430.


LaTeX Warning: Citation `b12' on page 4 undefined on input line 430.

[4 <./MPP3.png> <./MPP4.png>]
Missing character: There is no ‚ in font ptmr7t!
Missing character: There is no Ä in font ptmr7t!
Missing character: There is no ú in font ptmr7t!
Missing character: There is no ‚ in font ptmr7t!
Missing character: There is no Ä in font ptmr7t!
Missing character: There is no ù in font ptmr7t!
Missing character: There is no ‚ in font ptmr7t!
Missing character: There is no Ä in font ptmr7t!
Missing character: There is no ì in font ptmr7t!


** Conference Paper **
Before submitting the final camera ready copy, remember to:

 1. Manually equalize the lengths of two columns on the last page
 of your paper;

 2. Ensure that any PostScript and/or PDF output post-processing
 uses only Type 1 fonts and that every step in the generation
 process uses the appropriate paper size.

[5 <./paper-fig5(a).png> <./zhao.pdf>] (./main.aux)

LaTeX Warning: There were undefined references.


LaTeX Warning: Label(s) may have changed. Rerun to get cross-references right.

 ) 
Here is how much of TeX's memory you used:
 5687 strings out of 492982
 86341 string characters out of 6134897
 163021 words of memory out of 5000000
 9166 multiletter control sequences out of 15000+600000
 43840 words of font info for 98 fonts, out of 8000000 for 9000
 1141 hyphenation exceptions out of 8191
 41i,14n,49p,1377b,352s stack positions out of 5000i,500n,10000p,200000b,80000s
{/usr/share/texlive/texmf-dist/fonts/enc/dvips/base/8r.enc}</usr/share/texliv
e/texmf-dist/fonts/type1/public/amsfonts/cm/cmex10.pfb></usr/share/texlive/texm
f-dist/fonts/type1/public/amsfonts/cm/cmmi10.pfb></usr/share/texlive/texmf-dist
/fonts/type1/public/amsfonts/cm/cmmi5.pfb></usr/share/texlive/texmf-dist/fonts/
type1/public/amsfonts/cm/cmmi7.pfb></usr/share/texlive/texmf-dist/fonts/type1/p
ublic/amsfonts/cm/cmmi8.pfb></usr/share/texlive/texmf-dist/fonts/type1/public/a
msfonts/cm/cmr10.pfb></usr/share/texlive/texmf-dist/fonts/type1/public/amsfonts
/cm/cmr6.pfb></usr/share/texlive/texmf-dist/fonts/type1/public/amsfonts/cm/cmr7
.pfb></usr/share/texlive/texmf-dist/fonts/type1/public/amsfonts/cm/cmsy10.pfb><
/usr/share/texlive/texmf-dist/fonts/type1/public/amsfonts/cm/cmsy7.pfb></usr/sh
are/texlive/texmf-dist/fonts/type1/public/amsfonts/symbols/msam10.pfb></usr/sha
re/texlive/texmf-dist/fonts/type1/urw/times/utmb8a.pfb></usr/share/texlive/texm
f-dist/fonts/type1/urw/times/utmbi8a.pfb></usr/share/texlive/texmf-dist/fonts/t
ype1/urw/times/utmr8a.pfb></usr/share/texlive/texmf-dist/fonts/type1/urw/times/
utmri8a.pfb>
Output written on main.pdf (5 pages, 312811 bytes).
PDF statistics:
 106 PDF objects out of 1000 (max. 8388607)
 65 compressed objects within 1 object stream
 0 named destinations out of 1000 (max. 500000)
 46 words of extra memory for PDF output out of 10000 (max. 10000000)

       usage of the caption package is not recommended.
See the caption package documentation for explanation.

Package caption Info: \@makecaption = \long macro:#1#2->\ifx \@captype \@IEEEta
blestring \footnotesize \bgroup \par \centering \@IEEEtabletopskipstrut {\norma
lfont \footnotesize #1}\\{\normalfont \footnotesize \scshape #2}\par \addvspace
 {0.5\baselineskip }\egroup \@IEEEtablecaptionsepspace \else \@IEEEfigurecaptio
nsepspace \setbox \@tempboxa \hbox {\normalfont \footnotesize {#1.}\nobreakspac
e \nobreakspace #2}\ifdim \wd \@tempboxa >\hsize \setbox \@tempboxa \hbox {\nor
malfont \footnotesize {#1.}\nobreakspace \nobreakspace }\parbox [t]{\hsize }{\n
ormalfont \footnotesize \noindent \unhbox \@tempboxa #2}\else \ifCLASSOPTIONcon
ference \hbox to\hsize {\normalfont \footnotesize \hfil \box \@tempboxa \hfil }
\else \hbox to\hsize {\normalfont \footnotesize \box \@tempboxa \hfil }\fi \fi 
\fi .
\c@ContinuedFloat=\count113
) (/usr/share/texlive/texmf-dist/tex/latex/subfig/subfig.sty
Package: subfig 2005/06/28 ver: 1.3 subfig package
\c@KVtest=\count114
\sf@farskip=\skip49
\sf@captopadj=\dimen160
\sf@capskip=\skip50
\sf@nearskip=\skip51
\c@subfigure=\count115
\c@subfigure@save=\count116
\c@lofdepth=\count117
\c@subtable=\count118
\c@subtable@save=\count119
\c@lotdepth=\count120
\sf@top=\skip52
\sf@bottom=\skip53
) (./main.aux)
\openout1 = `main.aux'.

LaTeX Font Info:    Checking defaults for OML/cmm/m/it on input line 18.
LaTeX Font Info:    ... okay on input line 18.
LaTeX Font Info:    Checking defaults for T1/cmr/m/n on input line 18.
LaTeX Font Info:    ... okay on input line 18.
LaTeX Font Info:    Checking defaults for OT1/cmr/m/n on input line 18.
LaTeX Font Info:    ... okay on input line 18.
LaTeX Font Info:    Checking defaults for OMS/cmsy/m/n on input line 18.
LaTeX Font Info:    ... okay on input line 18.
LaTeX Font Info:    Checking defaults for OMX/cmex/m/n on input line 18.
LaTeX Font Info:    ... okay on input line 18.
LaTeX Font Info:    Checking defaults for U/cmr/m/n on input line 18.
LaTeX Font Info:    ... okay on input line 18.
LaTeX Font Info:    Checking defaults for JY2/mc/m/n on input line 18.
LaTeX Font Info:    ... okay on input line 18.
LaTeX Font Info:    Checking defaults for JT2/mc/m/n on input line 18.
LaTeX Font Info:    ... okay on input line 18.
LaTeX Font Info:    Checking defaults for TS1/cmr/m/n on input line 18.
LaTeX Font Info:    Try loading font information for TS1+cmr on input line 18.

(/usr/share/texlive/texmf-dist/tex/latex/base/ts1cmr.fd
File: ts1cmr.fd 2014/09/29 v2.5h Standard LaTeX font definitions
)
LaTeX Font Info:    ... okay on input line 18.
LaTeX Font Info:    Font shape `JT2/mc/bx/it' in size <5> not available
(Font)              Font shape `JT2/gt/m/n' tried instead on input line 18.
LaTeX Font Info:    Font shape `JT2/gt/m/n' will be
(Font)              scaled to size 4.8111pt on input line 18.
LaTeX Font Info:    Font shape `JY2/mc/bx/it' in size <5> not available
(Font)              Font shape `JY2/gt/m/n' tried instead on input line 18.
LaTeX Font Info:    Font shape `JY2/gt/m/n' will be
(Font)              scaled to size 4.8111pt on input line 18.

-- Lines per column: 56 (exact).
Package caption Info: Begin \AtBeginDocument code.
Package caption Info: subfig package v1.3 is loaded.
Package caption Info: End \AtBeginDocument code.
LaTeX Font Info:    Try loading font information for U+msa on input line 34.
(/usr/share/texlive/texmf-dist/tex/latex/amsfonts/umsa.fd
File: umsa.fd 2013/01/14 v3.01 AMS symbols A
)
LaTeX Font Info:    Try loading font information for U+msb on input line 34.

(/usr/share/texlive/texmf-dist/tex/latex/amsfonts/umsb.fd
File: umsb.fd 2013/01/14 v3.01 AMS symbols B
)
LaTeX Font Info:    Font shape `JT2/mc/m/n' will be
(Font)              scaled to size 5.77332pt on input line 34.
LaTeX Font Info:    Font shape `JY2/mc/m/n' will be
(Font)              scaled to size 5.77332pt on input line 34.
LaTeX Font Info:    Calculating math sizes for size <11> on input line 34.
LaTeX Font Info:    Font shape `JT2/mc/m/n' will be
(Font)              scaled to size 7.40904pt on input line 34.
LaTeX Font Info:    Font shape `JY2/mc/m/n' will be
(Font)              scaled to size 7.40904pt on input line 34.


LaTeX Font Warning: Font shape `JT2/mc/m/sc' undefined
(Font)              using `JT2/mc/m/n' instead on input line 45.


LaTeX Font Warning: Font shape `JY2/mc/m/sc' undefined
(Font)              using `JY2/mc/m/n' instead on input line 45.


LaTeX Warning: Citation `b2' on page 1 undefined on input line 60.


LaTeX Warning: Citation `b3' on page 1 undefined on input line 62.


LaTeX Warning: Citation `b4' on page 1 undefined on input line 62.


LaTeX Warning: Citation `b5' on page 1 undefined on input line 64.


LaTeX Warning: Citation `b10' on page 1 undefined on input line 64.


LaTeX Warning: Citation `b5' on page 1 undefined on input line 66.


LaTeX Warning: Citation `b10' on page 1 undefined on input line 68.

LaTeX Font Info:    Font shape `JT2/mc/m/sc' will be
(Font)              scaled to size 9.6222pt on input line 77.
LaTeX Font Info:    Font shape `JY2/mc/m/sc' will be
(Font)              scaled to size 9.6222pt on input line 77.

LaTeX Warning: Reference `fig1' on page 1 undefined on input line 78.


! LaTeX Error: Cannot determine size of graphic in paper-fig1.png (no BoundingB
ox).

See the LaTeX manual or LaTeX Companion for explanation.
Type  H <return>  for immediate help.
 ...                                              
                                                  
l.82 ...ludegraphics[width=7.2cm]{paper-fig1.png}}
                                                   
Here is how much of TeX's memory you used:
 4810 strings out of 493636
 72841 string characters out of 6150723
 150207 words of memory out of 5000000
 8392 multiletter control sequences out of 15000+600000
 39123 words of font info for 129 fonts, out of 8000000 for 9000
 929 hyphenation exceptions out of 8191
 36i,11n,38p,1358b,426s stack positions out of 5000i,500n,10000p,200000b,80000s

No pages of output.
